<?xml version="1.0" encoding="UTF-8"?>
<!-- Generated by org.testng.reporters.JUnitXMLReporter -->
<testsuite hostname="RoliaDesktop" ignored="2" name="Test" tests="6" failures="2" timestamp="2020-05-14T22:01:26 EDT" time="2.031" errors="0">
  <testcase name="titleTest" time="0.071" classname="gtplBank_SignIn.LoginTest">
    <failure type="java.lang.AssertionError" message="expected [GTPL Bank  Page] but found [GTPL Bank Home Page]">
      <![CDATA[java.lang.AssertionError: expected [GTPL Bank  Page] but found [GTPL Bank Home Page]
at gtplBank_SignIn.LoginTest.titleTest(LoginTest.java:36)
at java.util.ArrayList.forEach(Unknown Source)
... Removed 32 stack frames]]>
    </failure>
  </testcase> <!-- titleTest -->
  <testcase name="UrlTest" time="0.006" classname="gtplBank_SignIn.LoginTest"/>
  <testcase name="login" time="0.311" classname="gtplBank_SignIn.LoginTest"/>
  <testcase name="titleTest2" time="0.011" classname="gtplBank_SignIn.LoginTest2">
    <failure type="java.lang.AssertionError" message="expected [GTPL Bank  Page] but found [GTPL Bank Home Page]">
      <![CDATA[java.lang.AssertionError: expected [GTPL Bank  Page] but found [GTPL Bank Home Page]
at gtplBank_SignIn.LoginTest2.titleTest2(LoginTest2.java:36)
at java.util.ArrayList.forEach(Unknown Source)
... Removed 32 stack frames]]>
    </failure>
  </testcase> <!-- titleTest2 -->
  <testcase name="UrlTest2" time="0.006" classname="gtplBank_SignIn.LoginTest2"/>
  <testcase name="login2" time="0.204" classname="gtplBank_SignIn.LoginTest2"/>
  <testcase name="@BeforeSuite setup" time="0.0" classname="gtplBank_SignIn.BaseClass">
    <ignored/>
  </testcase> <!-- @BeforeSuite setup -->
  <testcase name="@AfterSuite tearDown" time="0.0" classname="gtplBank_SignIn.BaseClass">
    <ignored/>
  </testcase> <!-- @AfterSuite tearDown -->
</testsuite> <!-- Test -->
